\BOOKMARK [0][-]{chapter.1}{\376\377\0001\000\040\000N\000a\000m\000e\000s\000p\000a\000c\000e\000\040\000I\000n\000d\000e\000x}{}% 1
\BOOKMARK [1][-]{section.1.1}{\376\377\0001\000.\0001\000\040\000N\000a\000m\000e\000s\000p\000a\000c\000e\000\040\000L\000i\000s\000t}{chapter.1}% 2
\BOOKMARK [0][-]{chapter.2}{\376\377\0002\000\040\000H\000i\000e\000r\000a\000r\000c\000h\000i\000c\000a\000l\000\040\000I\000n\000d\000e\000x}{}% 3
\BOOKMARK [1][-]{section.2.1}{\376\377\0002\000.\0001\000\040\000C\000l\000a\000s\000s\000\040\000H\000i\000e\000r\000a\000r\000c\000h\000y}{chapter.2}% 4
\BOOKMARK [0][-]{chapter.3}{\376\377\0003\000\040\000C\000l\000a\000s\000s\000\040\000I\000n\000d\000e\000x}{}% 5
\BOOKMARK [1][-]{section.3.1}{\376\377\0003\000.\0001\000\040\000C\000l\000a\000s\000s\000\040\000L\000i\000s\000t}{chapter.3}% 6
\BOOKMARK [0][-]{chapter.4}{\376\377\0004\000\040\000F\000i\000l\000e\000\040\000I\000n\000d\000e\000x}{}% 7
\BOOKMARK [1][-]{section.4.1}{\376\377\0004\000.\0001\000\040\000F\000i\000l\000e\000\040\000L\000i\000s\000t}{chapter.4}% 8
\BOOKMARK [0][-]{chapter.5}{\376\377\0005\000\040\000N\000a\000m\000e\000s\000p\000a\000c\000e\000\040\000D\000o\000c\000u\000m\000e\000n\000t\000a\000t\000i\000o\000n}{}% 9
\BOOKMARK [1][-]{section.5.1}{\376\377\0005\000.\0001\000\040\000c\000a\000m\000e\000r\000a\000\137\000c\000a\000p\000t\000u\000r\000e\000\040\000N\000a\000m\000e\000s\000p\000a\000c\000e\000\040\000R\000e\000f\000e\000r\000e\000n\000c\000e}{chapter.5}% 10
\BOOKMARK [2][-]{subsection.5.1.1}{\376\377\0005\000.\0001\000.\0001\000\040\000F\000u\000n\000c\000t\000i\000o\000n\000\040\000D\000o\000c\000u\000m\000e\000n\000t\000a\000t\000i\000o\000n}{section.5.1}% 11
\BOOKMARK [3][-]{subsubsection.5.1.1.1}{\376\377\0005\000.\0001\000.\0001\000.\0001\000\040\000m\000a\000i\000n\000\050\000\051}{subsection.5.1.1}% 12
\BOOKMARK [2][-]{subsection.5.1.2}{\376\377\0005\000.\0001\000.\0002\000\040\000V\000a\000r\000i\000a\000b\000l\000e\000\040\000D\000o\000c\000u\000m\000e\000n\000t\000a\000t\000i\000o\000n}{section.5.1}% 13
\BOOKMARK [3][-]{subsubsection.5.1.2.1}{\376\377\0005\000.\0001\000.\0002\000.\0001\000\040\000C}{subsection.5.1.2}% 14
\BOOKMARK [1][-]{section.5.2}{\376\377\0005\000.\0002\000\040\000o\000b\000j\000e\000c\000t\000\137\000d\000e\000t\000e\000c\000t\000i\000o\000n\000\137\000c\0004\000\040\000N\000a\000m\000e\000s\000p\000a\000c\000e\000\040\000R\000e\000f\000e\000r\000e\000n\000c\000e}{chapter.5}% 15
\BOOKMARK [2][-]{subsection.5.2.1}{\376\377\0005\000.\0002\000.\0001\000\040\000F\000u\000n\000c\000t\000i\000o\000n\000\040\000D\000o\000c\000u\000m\000e\000n\000t\000a\000t\000i\000o\000n}{section.5.2}% 16
\BOOKMARK [3][-]{subsubsection.5.2.1.1}{\376\377\0005\000.\0002\000.\0001\000.\0001\000\040\000m\000a\000i\000n\000\050\000\051}{subsection.5.2.1}% 17
\BOOKMARK [2][-]{subsection.5.2.2}{\376\377\0005\000.\0002\000.\0002\000\040\000V\000a\000r\000i\000a\000b\000l\000e\000\040\000D\000o\000c\000u\000m\000e\000n\000t\000a\000t\000i\000o\000n}{section.5.2}% 18
\BOOKMARK [3][-]{subsubsection.5.2.2.1}{\376\377\0005\000.\0002\000.\0002\000.\0001\000\040\000C}{subsection.5.2.2}% 19
\BOOKMARK [1][-]{section.5.3}{\376\377\0005\000.\0003\000\040\000o\000b\000j\000e\000c\000t\000\137\000d\000e\000t\000e\000c\000t\000i\000o\000n\000\137\000v\0001\000\040\000N\000a\000m\000e\000s\000p\000a\000c\000e\000\040\000R\000e\000f\000e\000r\000e\000n\000c\000e}{chapter.5}% 20
\BOOKMARK [2][-]{subsection.5.3.1}{\376\377\0005\000.\0003\000.\0001\000\040\000F\000u\000n\000c\000t\000i\000o\000n\000\040\000D\000o\000c\000u\000m\000e\000n\000t\000a\000t\000i\000o\000n}{section.5.3}% 21
\BOOKMARK [3][-]{subsubsection.5.3.1.1}{\376\377\0005\000.\0003\000.\0001\000.\0001\000\040\000c\000a\000l\000c\000u\000l\000a\000t\000e\000D\000i\000s\000t\000a\000n\000c\000e\000\050\000\051}{subsection.5.3.1}% 22
\BOOKMARK [3][-]{subsubsection.5.3.1.2}{\376\377\0005\000.\0003\000.\0001\000.\0002\000\040\000d\000e\000t\000e\000c\000t\000\137\000c\000o\000l\000o\000r\000e\000d\000\137\000o\000b\000j\000e\000c\000t\000\050\000\051}{subsection.5.3.1}% 23
\BOOKMARK [3][-]{subsubsection.5.3.1.3}{\376\377\0005\000.\0003\000.\0001\000.\0003\000\040\000d\000i\000s\000p\000l\000a\000y\000\137\000o\000b\000j\000e\000c\000t\000\137\000i\000n\000f\000o\000\050\000\051}{subsection.5.3.1}% 24
\BOOKMARK [2][-]{subsection.5.3.2}{\376\377\0005\000.\0003\000.\0002\000\040\000V\000a\000r\000i\000a\000b\000l\000e\000\040\000D\000o\000c\000u\000m\000e\000n\000t\000a\000t\000i\000o\000n}{section.5.3}% 25
\BOOKMARK [3][-]{subsubsection.5.3.2.1}{\376\377\0005\000.\0003\000.\0002\000.\0001\000\040\000b\000a\000l\000l\000R\000a\000d\000i\000u\000s}{subsection.5.3.2}% 26
\BOOKMARK [3][-]{subsubsection.5.3.2.2}{\376\377\0005\000.\0003\000.\0002\000.\0002\000\040\000b\000a\000l\000l\000R\000a\000d\000i\000u\000s\000\137\000p\000x}{subsection.5.3.2}% 27
\BOOKMARK [3][-]{subsubsection.5.3.2.3}{\376\377\0005\000.\0003\000.\0002\000.\0003\000\040\000C}{subsection.5.3.2}% 28
\BOOKMARK [3][-]{subsubsection.5.3.2.4}{\376\377\0005\000.\0003\000.\0002\000.\0004\000\040\000c\000a\000m\000e\000r\000a\000F\000O\000V}{subsection.5.3.2}% 29
\BOOKMARK [3][-]{subsubsection.5.3.2.5}{\376\377\0005\000.\0003\000.\0002\000.\0005\000\040\000c\000o\000l\000o\000r}{subsection.5.3.2}% 30
\BOOKMARK [3][-]{subsubsection.5.3.2.6}{\376\377\0005\000.\0003\000.\0002\000.\0006\000\040\000c\000o\000l\000o\000r\000s}{subsection.5.3.2}% 31
\BOOKMARK [3][-]{subsubsection.5.3.2.7}{\376\377\0005\000.\0003\000.\0002\000.\0007\000\040\000d\000i\000s\000t\000a\000n\000c\000e}{subsection.5.3.2}% 32
\BOOKMARK [3][-]{subsubsection.5.3.2.8}{\376\377\0005\000.\0003\000.\0002\000.\0008\000\040\000f\000a\000k\000t\000o\000r}{subsection.5.3.2}% 33
\BOOKMARK [3][-]{subsubsection.5.3.2.9}{\376\377\0005\000.\0003\000.\0002\000.\0009\000\040\000f\000p\000s}{subsection.5.3.2}% 34
\BOOKMARK [3][-]{subsubsection.5.3.2.10}{\376\377\0005\000.\0003\000.\0002\000.\0001\0000\000\040\000f\000p\000s\000r\000e\000a\000d\000e\000r}{subsection.5.3.2}% 35
\BOOKMARK [3][-]{subsubsection.5.3.2.11}{\376\377\0005\000.\0003\000.\0002\000.\0001\0001\000\040\000f\000r\000a\000m\000e}{subsection.5.3.2}% 36
\BOOKMARK [3][-]{subsubsection.5.3.2.12}{\376\377\0005\000.\0003\000.\0002\000.\0001\0002\000\040\000g\000r\000a\000b\000b\000e\000d}{subsection.5.3.2}% 37
\BOOKMARK [3][-]{subsubsection.5.3.2.13}{\376\377\0005\000.\0003\000.\0002\000.\0001\0003\000\040\000h\000s\000v}{subsection.5.3.2}% 38
\BOOKMARK [3][-]{subsubsection.5.3.2.14}{\376\377\0005\000.\0003\000.\0002\000.\0001\0004\000\040\000i\000m\000g}{subsection.5.3.2}% 39
\BOOKMARK [3][-]{subsubsection.5.3.2.15}{\376\377\0005\000.\0003\000.\0002\000.\0001\0005\000\040\000k\000e\000y}{subsection.5.3.2}% 40
\BOOKMARK [3][-]{subsubsection.5.3.2.16}{\376\377\0005\000.\0003\000.\0002\000.\0001\0006\000\040\000o\000b\000j}{subsection.5.3.2}% 41
\BOOKMARK [3][-]{subsubsection.5.3.2.17}{\376\377\0005\000.\0003\000.\0002\000.\0001\0007\000\040\000v\000i\000d\000e\000o\000C\000a\000p}{subsection.5.3.2}% 42
\BOOKMARK [3][-]{subsubsection.5.3.2.18}{\376\377\0005\000.\0003\000.\0002\000.\0001\0008\000\040\000x}{subsection.5.3.2}% 43
\BOOKMARK [3][-]{subsubsection.5.3.2.19}{\376\377\0005\000.\0003\000.\0002\000.\0001\0009\000\040\000y}{subsection.5.3.2}% 44
\BOOKMARK [0][-]{chapter.6}{\376\377\0006\000\040\000C\000l\000a\000s\000s\000\040\000D\000o\000c\000u\000m\000e\000n\000t\000a\000t\000i\000o\000n}{}% 45
\BOOKMARK [1][-]{section.6.1}{\376\377\0006\000.\0001\000\040\000c\000a\000m\000e\000r\000a\000\137\000c\000a\000p\000t\000u\000r\000e\000.\000C\000a\000m\000e\000r\000a\000C\000a\000p\000t\000u\000r\000e\000\040\000C\000l\000a\000s\000s\000\040\000R\000e\000f\000e\000r\000e\000n\000c\000e}{chapter.6}% 46
\BOOKMARK [2][-]{subsection.6.1.1}{\376\377\0006\000.\0001\000.\0001\000\040\000D\000e\000t\000a\000i\000l\000e\000d\000\040\000D\000e\000s\000c\000r\000i\000p\000t\000i\000o\000n}{section.6.1}% 47
\BOOKMARK [2][-]{subsection.6.1.2}{\376\377\0006\000.\0001\000.\0002\000\040\000C\000o\000n\000s\000t\000r\000u\000c\000t\000o\000r\000\040\000\046\000\040\000D\000e\000s\000t\000r\000u\000c\000t\000o\000r\000\040\000D\000o\000c\000u\000m\000e\000n\000t\000a\000t\000i\000o\000n}{section.6.1}% 48
\BOOKMARK [3][-]{subsubsection.6.1.2.1}{\376\377\0006\000.\0001\000.\0002\000.\0001\000\040\000\137\000\137\000i\000n\000i\000t\000\137\000\137\000\050\000\051}{subsection.6.1.2}% 49
\BOOKMARK [2][-]{subsection.6.1.3}{\376\377\0006\000.\0001\000.\0003\000\040\000M\000e\000m\000b\000e\000r\000\040\000F\000u\000n\000c\000t\000i\000o\000n\000\040\000D\000o\000c\000u\000m\000e\000n\000t\000a\000t\000i\000o\000n}{section.6.1}% 50
\BOOKMARK [3][-]{subsubsection.6.1.3.1}{\376\377\0006\000.\0001\000.\0003\000.\0001\000\040\000p\000u\000b\000l\000i\000s\000h\000\137\000i\000m\000a\000g\000e\000\137\000d\000a\000t\000a\000\050\000\051}{subsection.6.1.3}% 51
\BOOKMARK [2][-]{subsection.6.1.4}{\376\377\0006\000.\0001\000.\0004\000\040\000M\000e\000m\000b\000e\000r\000\040\000D\000a\000t\000a\000\040\000D\000o\000c\000u\000m\000e\000n\000t\000a\000t\000i\000o\000n}{section.6.1}% 52
\BOOKMARK [3][-]{subsubsection.6.1.4.1}{\376\377\0006\000.\0001\000.\0004\000.\0001\000\040\000b\000r\000i\000d\000g\000e}{subsection.6.1.4}% 53
\BOOKMARK [3][-]{subsubsection.6.1.4.2}{\376\377\0006\000.\0001\000.\0004\000.\0002\000\040\000o\000p\000e\000n\000c\000v\000\137\000v\000i\000d\000e\000o}{subsection.6.1.4}% 54
\BOOKMARK [3][-]{subsubsection.6.1.4.3}{\376\377\0006\000.\0001\000.\0004\000.\0003\000\040\000p\000u\000b\000l\000i\000s\000h\000e\000r\000\137}{subsection.6.1.4}% 55
\BOOKMARK [3][-]{subsubsection.6.1.4.4}{\376\377\0006\000.\0001\000.\0004\000.\0004\000\040\000t\000i\000m\000e\000r}{subsection.6.1.4}% 56
\BOOKMARK [1][-]{section.6.2}{\376\377\0006\000.\0002\000\040\000o\000b\000j\000e\000c\000t\000\137\000d\000e\000t\000e\000c\000t\000i\000o\000n\000\137\000c\0004\000.\000O\000b\000j\000e\000c\000t\000D\000e\000t\000e\000c\000t\000i\000o\000n\000\040\000C\000l\000a\000s\000s\000\040\000R\000e\000f\000e\000r\000e\000n\000c\000e}{chapter.6}% 57
\BOOKMARK [2][-]{subsection.6.2.1}{\376\377\0006\000.\0002\000.\0001\000\040\000D\000e\000t\000a\000i\000l\000e\000d\000\040\000D\000e\000s\000c\000r\000i\000p\000t\000i\000o\000n}{section.6.2}% 58
\BOOKMARK [2][-]{subsection.6.2.2}{\376\377\0006\000.\0002\000.\0002\000\040\000C\000o\000n\000s\000t\000r\000u\000c\000t\000o\000r\000\040\000\046\000\040\000D\000e\000s\000t\000r\000u\000c\000t\000o\000r\000\040\000D\000o\000c\000u\000m\000e\000n\000t\000a\000t\000i\000o\000n}{section.6.2}% 59
\BOOKMARK [3][-]{subsubsection.6.2.2.1}{\376\377\0006\000.\0002\000.\0002\000.\0001\000\040\000\137\000\137\000i\000n\000i\000t\000\137\000\137\000\050\000\051}{subsection.6.2.2}% 60
\BOOKMARK [2][-]{subsection.6.2.3}{\376\377\0006\000.\0002\000.\0003\000\040\000M\000e\000m\000b\000e\000r\000\040\000F\000u\000n\000c\000t\000i\000o\000n\000\040\000D\000o\000c\000u\000m\000e\000n\000t\000a\000t\000i\000o\000n}{section.6.2}% 61
\BOOKMARK [3][-]{subsubsection.6.2.3.1}{\376\377\0006\000.\0002\000.\0003\000.\0001\000\040\000i\000s\000\137\000c\000i\000r\000c\000l\000e\000\050\000\051}{subsection.6.2.3}% 62
\BOOKMARK [3][-]{subsubsection.6.2.3.2}{\376\377\0006\000.\0002\000.\0003\000.\0002\000\040\000p\000r\000o\000c\000e\000s\000s\000\137\000i\000m\000a\000g\000e\000\050\000\051}{subsection.6.2.3}% 63
\BOOKMARK [3][-]{subsubsection.6.2.3.3}{\376\377\0006\000.\0002\000.\0003\000.\0003\000\040\000p\000u\000b\000l\000i\000s\000h\000\137\000d\000i\000s\000t\000\137\000a\000n\000d\000\137\000p\000o\000s\000\050\000\051}{subsection.6.2.3}% 64
\BOOKMARK [2][-]{subsection.6.2.4}{\376\377\0006\000.\0002\000.\0004\000\040\000M\000e\000m\000b\000e\000r\000\040\000D\000a\000t\000a\000\040\000D\000o\000c\000u\000m\000e\000n\000t\000a\000t\000i\000o\000n}{section.6.2}% 65
\BOOKMARK [3][-]{subsubsection.6.2.4.1}{\376\377\0006\000.\0002\000.\0004\000.\0001\000\040\000b\000r\000i\000d\000g\000e}{subsection.6.2.4}% 66
\BOOKMARK [3][-]{subsubsection.6.2.4.2}{\376\377\0006\000.\0002\000.\0004\000.\0002\000\040\000d\000i\000s\000t\000a\000n\000c\000e\000\137\000a\000n\000d\000\137\000p\000o\000s\000i\000t\000i\000o\000n\000\137\000p\000u\000b\000l\000i\000s\000h\000e\000r}{subsection.6.2.4}% 67
\BOOKMARK [3][-]{subsubsection.6.2.4.3}{\376\377\0006\000.\0002\000.\0004\000.\0003\000\040\000f\000p\000s\000r\000e\000a\000d\000e\000r}{subsection.6.2.4}% 68
\BOOKMARK [3][-]{subsubsection.6.2.4.4}{\376\377\0006\000.\0002\000.\0004\000.\0004\000\040\000s\000u\000b\000s\000c\000r\000i\000p\000t\000i\000o\000n}{subsection.6.2.4}% 69
\BOOKMARK [0][-]{chapter.7}{\376\377\0007\000\040\000F\000i\000l\000e\000\040\000D\000o\000c\000u\000m\000e\000n\000t\000a\000t\000i\000o\000n}{}% 70
\BOOKMARK [1][-]{section.7.1}{\376\377\0007\000.\0001\000\040\000c\000a\000m\000e\000r\000a\000\137\000c\000a\000p\000t\000u\000r\000e\000.\000p\000y\000\040\000F\000i\000l\000e\000\040\000R\000e\000f\000e\000r\000e\000n\000c\000e}{chapter.7}% 71
\BOOKMARK [1][-]{section.7.2}{\376\377\0007\000.\0002\000\040\000o\000b\000j\000e\000c\000t\000\137\000d\000e\000t\000e\000c\000t\000i\000o\000n\000\137\000c\0004\000.\000p\000y\000\040\000F\000i\000l\000e\000\040\000R\000e\000f\000e\000r\000e\000n\000c\000e}{chapter.7}% 72
\BOOKMARK [1][-]{section.7.3}{\376\377\0007\000.\0003\000\040\000o\000b\000j\000e\000c\000t\000\137\000d\000e\000t\000e\000c\000t\000i\000o\000n\000\137\000v\0001\000.\000p\000y\000\040\000F\000i\000l\000e\000\040\000R\000e\000f\000e\000r\000e\000n\000c\000e}{chapter.7}% 73
\BOOKMARK [0][-]{section*.26}{\376\377\000I\000n\000d\000e\000x}{}% 74
